<?xml version="1.0" encoding="UTF-8"?>
<!-- Generated by org.testng.reporters.JUnitReportReporter -->
<testsuite hostname="Princys-MacBook-Pro.local" failures="0" tests="1" name="excelFiles.WorkingWithSingleCell" time="0.015" errors="0" timestamp="2022-03-10T14:53:50 IST" skipped="0">
  <testcase classname="excelFiles.WorkingWithSingleCell" name="test1" time="0.015"/>
  <system-out/>
</testsuite> <!-- excelFiles.WorkingWithSingleCell -->
