<?xml version="1.0" encoding="UTF-8"?>
<!-- Generated by org.testng.reporters.JUnitReportReporter -->
<testsuite hostname="Princys-MacBook-Pro.local" failures="0" tests="1" name="excelFiles.SingleExcels" time="0.040" errors="0" timestamp="2022-03-10T12:08:56 IST" skipped="0">
  <testcase classname="excelFiles.SingleExcels" name="test1" time="0.040"/>
  <system-out/>
</testsuite> <!-- excelFiles.SingleExcels -->
