<?xml version="1.0" encoding="UTF-8"?>
<!-- Generated by org.testng.reporters.JUnitReportReporter -->
<testsuite hostname="Princys-MacBook-Pro.local" failures="0" tests="5" name="testNG.MultipleTest" time="18.099" errors="0" timestamp="2022-03-22T23:51:24 IST" skipped="0">
  <testcase classname="testNG.MultipleTest" name="visitAdvertising" time="3.150"/>
  <system-out/>
  <testcase classname="testNG.MultipleTest" name="visitTerms" time="3.117"/>
  <system-out/>
  <testcase classname="testNG.MultipleTest" name="visitPrivacy" time="3.742"/>
  <system-out/>
  <testcase classname="testNG.MultipleTest" name="visitAbout" time="4.442"/>
  <system-out/>
  <testcase classname="testNG.MultipleTest" name="visitBusiness" time="3.648"/>
  <system-out/>
</testsuite> <!-- testNG.MultipleTest -->
