<?xml version="1.0" encoding="UTF-8"?>
<!-- Generated by org.testng.reporters.JUnitReportReporter -->
<testsuite hostname="Princys-MacBook-Pro.local" failures="0" tests="1" name="objectRepository" time="8.292" errors="0" timestamp="2022-03-14T15:48:58 IST" skipped="0">
  <testcase classname="objectRepository" name="test" time="8.292"/>
  <system-out/>
</testsuite> <!-- objectRepository -->
