<?xml version="1.0" encoding="UTF-8"?>
<!-- Generated by org.testng.reporters.JUnitReportReporter -->
<testsuite hostname="Princys-MacBook-Pro.local" failures="0" tests="1" name="testNG.Demo" time="5.345" errors="0" timestamp="2022-03-09T16:07:03 IST" skipped="0">
  <testcase classname="testNG.Demo" name="visitGoogle" time="5.345"/>
  <system-out/>
</testsuite> <!-- testNG.Demo -->
